<?xml version="1.0" encoding="UTF-8"?>
<!-- Generated by org.testng.reporters.JUnitReportReporter -->
<testsuite hostname="DESKTOP-ED7AKGQ" failures="0" tests="1" name="TestCases.TC_001" time="39.408" errors="0" timestamp="2019-11-04T14:28:44 CST" skipped="0">
  <testcase classname="TestCases.TC_001" name="testCase1" time="39.408"/>
</testsuite> <!-- TestCases.TC_001 -->
