<?xml version="1.0" encoding="UTF-8"?>
<!-- Generated by org.testng.reporters.JUnitReportReporter -->
<testsuite hostname="DESKTOP-ED7AKGQ" failures="0" tests="1" name="TestCases.TC_001" time="13.682" errors="0" timestamp="04 Nov 2019 21:00:23 GMT" skipped="0">
  <testcase classname="TestCases.TC_001" name="testCase1" time="13.682"/>
</testsuite> <!-- TestCases.TC_001 -->
